Arguments:
  /usr/local/bin/node /Users/inceon/.yarn/bin/yarn.js add pixi.js pixi-svg

PATH:
  /Users/inceon/.yarn/bin:/Users/inceon/.config/yarn/global/node_modules/.bin:/Users/inceon/miniforge3/bin:/Users/inceon/miniforge3/condabin:/usr/local/homebrew/opt/imagemagick@6/bin:/Users/inceon/.npm-packages/bin:/Library/Frameworks/Python.framework/Versions/3.9/bin:/opt/homebrew/bin:/opt/homebrew/sbin:/usr/local/bin:/System/Cryptexes/App/usr/bin:/usr/bin:/bin:/usr/sbin:/sbin:/Library/Apple/usr/bin:/Users/inceon/Develop/strava-exporter/node_modules/.bin:/usr/local/bin:/Users/inceon/.npm-global/bin:/Users/inceon/.npm/bin

Yarn version:
  1.22.19

Node version:
  16.17.1

Platform:
  darwin arm64

Trace:
  SyntaxError: /Users/inceon/Develop/strava-exporter/package.json: Unexpected string in JSON at position 607
      at JSON.parse (<anonymous>)
      at /Users/inceon/.yarn/lib/cli.js:1629:59
      at Generator.next (<anonymous>)
      at step (/Users/inceon/.yarn/lib/cli.js:310:30)
      at /Users/inceon/.yarn/lib/cli.js:321:13

npm manifest:
  {
    "name": "strava-exporter",
    "version": "1.0.0",
    "description": "",
    "repository": "https://github.com/inceon/strava-exporter.git",
    "main": "index.js",
    "scripts": {
      "build": "node esbuild.conf.mjs",
      "test": "echo \"Error: no test specified\" && exit 1"
    },
    "author": "",
    "license": "ISC",
    "devDependencies": {
      "@chialab/esbuild-plugin-html": "^0.17.2",
      "esbuild": "^0.16.13"
    },
    "dependencies": {
      "@badgateway/oauth2-client": "2.0.17",
      "@mapbox/polyline": "1.1.1",
      "@pixi/display": "^7.1.0",
      "@pixi/filter-drop-shadow": "5.1",
      "leaflet": "^1.9.3"
      "strava": "2.1.0"
    }
  }

yarn manifest:
  No manifest

Lockfile:
  # THIS IS AN AUTOGENERATED FILE. DO NOT EDIT THIS FILE DIRECTLY.
  # yarn lockfile v1


  "@babel/code-frame@^7.0.0":
    "integrity" "sha512-TDCmlK5eOvH+eH7cdAFlNXeVJqWIQ7gW9tY1GJIpUtFb6CmjVyq2VM3u71bOyR8CRihcCgMUYoDNyLXao3+70Q=="
    "resolved" "https://registry.npmjs.org/@babel/code-frame/-/code-frame-7.18.6.tgz"
    "version" "7.18.6"
    dependencies:
      "@babel/highlight" "^7.18.6"

  "@babel/helper-validator-identifier@^7.18.6":
    "integrity" "sha512-awrNfaMtnHUr653GgGEs++LlAvW6w+DcPrOliSMXWCKo597CwL5Acf/wWdNkf/tfEQE3mjkeD1YOVZOUV/od1w=="
    "resolved" "https://registry.npmjs.org/@babel/helper-validator-identifier/-/helper-validator-identifier-7.19.1.tgz"
    "version" "7.19.1"

  "@babel/highlight@^7.18.6":
    "integrity" "sha512-u7stbOuYjaPezCuLj29hNW1v64M2Md2qupEKP1fHc7WdOA3DgLh37suiSrZYY7haUB7iBeQZ9P1uiRF359do3g=="
    "resolved" "https://registry.npmjs.org/@babel/highlight/-/highlight-7.18.6.tgz"
    "version" "7.18.6"
    dependencies:
      "@babel/helper-validator-identifier" "^7.18.6"
      "chalk" "^2.0.0"
      "js-tokens" "^4.0.0"

  "@badgateway/oauth2-client@2.0.17":
    "integrity" "sha512-w3KIE0wCF2heYZyD3cf0IhbzCU0OtInwfyVdaisRSyo64UDpnFkFxK6GwstUi9oE8TvDuGmfKeUdDwDdLwvVZg=="
    "resolved" "https://registry.npmjs.org/@badgateway/oauth2-client/-/oauth2-client-2.0.17.tgz"
    "version" "2.0.17"

  "@chialab/esbuild-plugin-html@^0.17.2":
    "integrity" "sha512-IoPRjmiLzoOzJBCJ5sFR5fEjYfQ6EMwuWL1VhZrw1IyDCK34zIqOwmkKk49Tw84VHGkPy/+RUsu8nNP1Ax6liQ=="
    "resolved" "https://registry.npmjs.org/@chialab/esbuild-plugin-html/-/esbuild-plugin-html-0.17.2.tgz"
    "version" "0.17.2"
    dependencies:
      "@chialab/esbuild-rna" "^0.17.3"
      "@chialab/node-resolve" "^0.17.0"

  "@chialab/esbuild-rna@^0.17.3":
    "integrity" "sha512-LwPGDBeRnCNSkUfCEXYWKf7iORt6JCbmCLvEaeZnqle2Tm5yNRtZjCnQHdG9D4UpY9YQgrlZQnF785yOnKwL7Q=="
    "resolved" "https://registry.npmjs.org/@chialab/esbuild-rna/-/esbuild-rna-0.17.3.tgz"
    "version" "0.17.3"
    dependencies:
      "@chialab/estransform" "^0.17.2"
      "@chialab/node-resolve" "^0.17.0"

  "@chialab/estransform@^0.17.2":
    "integrity" "sha512-ZFCcDk85ZllhUiAMIzRFsLhrA2z8xwRyXyJBNMP/84+3czLEydSTzzBK9nXNGloOspwp+lL+EgPlFY8Ry693Bg=="
    "resolved" "https://registry.npmjs.org/@chialab/estransform/-/estransform-0.17.3.tgz"
    "version" "0.17.3"
    dependencies:
      "@parcel/source-map" "^2.0.0"

  "@chialab/node-resolve@^0.17.0":
    "integrity" "sha512-u9VwO/0djjXsM70aH/Wrx0BrXjtjhfNOxaDks32xa1mZP9T0CXZ0be5Sv3hXI9g5UeJbfvCyFJS2hfJEu7Ifgg=="
    "resolved" "https://registry.npmjs.org/@chialab/node-resolve/-/node-resolve-0.17.0.tgz"
    "version" "0.17.0"

  "@esbuild/darwin-arm64@0.16.13":
    "integrity" "sha512-ogrVuNi2URocrr3Ps20f075EMm9V7IeenOi9FRj4qdbT6mQlwLuP4l90PW2iBrKERx0oRkcZprEUNsz/3xd7ww=="
    "resolved" "https://registry.npmjs.org/@esbuild/darwin-arm64/-/darwin-arm64-0.16.13.tgz"
    "version" "0.16.13"

  "@mapbox/polyline@1.1.1":
    "integrity" "sha512-z9Sl7NYzsEIrAza658H92mc0OvpBjQwjp7Snv4xREKhsCMat7m1IKdWJMjQ5opiPYa0veMf7kCaSd1yx55AhmQ=="
    "resolved" "https://registry.npmjs.org/@mapbox/polyline/-/polyline-1.1.1.tgz"
    "version" "1.1.1"
    dependencies:
      "meow" "^6.1.1"

  "@parcel/source-map@^2.0.0":
    "integrity" "sha512-Ejx1P/mj+kMjQb8/y5XxDUn4reGdr+WyKYloBljpppUy8gs42T+BNoEOuRYqDVdgPc6NxduzIDoJS9pOFfV5Ew=="
    "resolved" "https://registry.npmjs.org/@parcel/source-map/-/source-map-2.1.1.tgz"
    "version" "2.1.1"
    dependencies:
      "detect-libc" "^1.0.3"

  "@pixi/accessibility@6.4.2":
    "integrity" "sha512-8fGPff10+vQuEfhQhOF/d/O3B3tpZvZRDUB6E8H+HAreV3S7PWk1WvC82/Q3Ru9u78M4y6zWvb0GQVT/h5JG9g=="
    "resolved" "https://registry.npmjs.org/@pixi/accessibility/-/accessibility-6.4.2.tgz"
    "version" "6.4.2"

  "@pixi/app@6.4.2":
    "integrity" "sha512-r0cTQan9ST0N+QmaaZQso7q0Q/lk9pUXB7dez+2vrLEbP8TAnLym2V2H+ChN6TwD+EoX6qXD7oFohNbwPedNyA=="
    "resolved" "https://registry.npmjs.org/@pixi/app/-/app-6.4.2.tgz"
    "version" "6.4.2"

  "@pixi/compressed-textures@6.4.2":
    "integrity" "sha512-PRA715S7WN+I9XT8tPRYMsqDnJl3D4hpC5ZccB41579kv1NBdTATdMk6G3m92RuBmonfdwGdRBYLSWVRgzgC+g=="
    "resolved" "https://registry.npmjs.org/@pixi/compressed-textures/-/compressed-textures-6.4.2.tgz"
    "version" "6.4.2"

  "@pixi/constants@6.4.2":
    "integrity" "sha512-qj+eviYmJqeGkMbIKSkp1FVMLglQPVyzzyo/2/0VYmSuY4m4WItC4w3wtyjDd4vBK9YxZIUBZz+LKJvKkRplLQ=="
    "resolved" "https://registry.npmjs.org/@pixi/constants/-/constants-6.4.2.tgz"
    "version" "6.4.2"

  "@pixi/constants@7.1.0":
    "integrity" "sha512-6HGMxhzNRyAYgjtTt9LFilqucBgl/Me6g1xEAYCt+8yMYYo2PVbI6Zxn160ggiwVYdOVROfL8HVdrsGxzy7ufA=="
    "resolved" "https://registry.npmjs.org/@pixi/constants/-/constants-7.1.0.tgz"
    "version" "7.1.0"

  "@pixi/core@^7.0.0-X":
    "integrity" "sha512-r+tZdMYodBE0m9LCoCLz3UwxGAO2CW3+YEDt4vlsv7WmdKZVJhuYFUPTGAO49dzEL7bjS0qYVcUxvuUVXI/yww=="
    "resolved" "https://registry.npmjs.org/@pixi/core/-/core-7.1.0.tgz"
    "version" "7.1.0"
    dependencies:
      "@pixi/constants" "7.1.0"
      "@pixi/extensions" "7.1.0"
      "@pixi/math" "7.1.0"
      "@pixi/runner" "7.1.0"
      "@pixi/settings" "7.1.0"
      "@pixi/ticker" "7.1.0"
      "@pixi/utils" "7.1.0"
      "@types/offscreencanvas" "^2019.6.4"

  "@pixi/core@6.4.2":
    "integrity" "sha512-W5RWg0537uz2ni0BW9pA0gRmYGBE628e5XR4iDXO5VLSIZmc4jcaBLsPC7o1amcg1xo5Ty44yMpVpodv+GGRCw=="
    "resolved" "https://registry.npmjs.org/@pixi/core/-/core-6.4.2.tgz"
    "version" "6.4.2"
    dependencies:
      "@types/offscreencanvas" "^2019.6.4"

  "@pixi/display@^7.1.0":
    "integrity" "sha512-F9PCrjc7Z1uzkeeRahV/KihXEjvVA68veVPkwCgFTweWuu7quiIuaSAd1m5yCkcj4VjwyFlDoumqDejibYTrBg=="
    "resolved" "https://registry.npmjs.org/@pixi/display/-/display-7.1.0.tgz"
    "version" "7.1.0"

  "@pixi/display@6.4.2":
    "integrity" "sha512-mE35oRa4Ex5NOVXsuk7JldmmjBfO0gtOO7FPU3VpheOB13HLoacJ4XAa1HfAGapFiFZe+K19gOXEiOj1RyJfGA=="
    "resolved" "https://registry.npmjs.org/@pixi/display/-/display-6.4.2.tgz"
    "version" "6.4.2"

  "@pixi/extensions@7.1.0":
    "integrity" "sha512-J2//MlKRAGZmaRgmSOuYGK1sTQjzv1rag8kIB96DjQb4SbkaLACZLN/QHbj+7Cf7ZcZ9XUMHzJU38V1epVPVGQ=="
    "resolved" "https://registry.npmjs.org/@pixi/extensions/-/extensions-7.1.0.tgz"
    "version" "7.1.0"

  "@pixi/extract@6.4.2":
    "integrity" "sha512-4eMqkns+NL2/DmdezjbVG4TW+eII3hvgDM3koDQNoO4yjMgU+55TTptPU9jJL/JJwntRiUECLSIHg8eZxmA5mA=="
    "resolved" "https://registry.npmjs.org/@pixi/extract/-/extract-6.4.2.tgz"
    "version" "6.4.2"

  "@pixi/filter-alpha@6.4.2":
    "integrity" "sha512-If6a/tCPnFo0FQI/v6uy0OSqrNI8YMZMdcY7CfgklqDHx50CvhKp0d2tPYE4ETNgSpO883LARz6pi6yLAH83AA=="
    "resolved" "https://registry.npmjs.org/@pixi/filter-alpha/-/filter-alpha-6.4.2.tgz"
    "version" "6.4.2"

  "@pixi/filter-blur@6.4.2":
    "integrity" "sha512-AMvhpFFYkRw6OQuhAuwzCJZI3wjXx6gejJB9RUEOIaQBwhTeSyZqB5JpQbcpAteQZLggUPFZAm9Rf74LRjs7ZA=="
    "resolved" "https://registry.npmjs.org/@pixi/filter-blur/-/filter-blur-6.4.2.tgz"
    "version" "6.4.2"

  "@pixi/filter-color-matrix@6.4.2":
    "integrity" "sha512-IsR2piAxGmyesqZ4OlIyv5OvUkHx3K5iL+js6vricbcbBZA9fQUjTXdZmb7RloO6Po3Amze3f9ZkuLe4CNpUDQ=="
    "resolved" "https://registry.npmjs.org/@pixi/filter-color-matrix/-/filter-color-matrix-6.4.2.tgz"
    "version" "6.4.2"

  "@pixi/filter-displacement@6.4.2":
    "integrity" "sha512-ofY2CucTV9uhzBmKioOQMHoD+cyeycDAJ9TWLGf6/FUVSBgHLhRDFKd3IE0raXLNETGl01V9mxWEjZ8yB7/jkA=="
    "resolved" "https://registry.npmjs.org/@pixi/filter-displacement/-/filter-displacement-6.4.2.tgz"
    "version" "6.4.2"

  "@pixi/filter-drop-shadow@5.1":
    "integrity" "sha512-Dl1GjZVyOuOtFec3ThwB0Q3qG3yLVFpNDWqLGOaSo6a7YEbEWA/0+fFfIyrxtbIwS0/T5HvoIO53SNQdWf8qtQ=="
    "resolved" "https://registry.npmjs.org/@pixi/filter-drop-shadow/-/filter-drop-shadow-5.1.1.tgz"
    "version" "5.1.1"
    dependencies:
      "@pixi/filter-kawase-blur" "5.1.1"

  "@pixi/filter-fxaa@6.4.2":
    "integrity" "sha512-euUeo/FAQ9DfnRYmxcA9wqAzU8y3VRvgptuur/sFPGgWDQqoOOLzBqRDU8/Mhj0NM9ixswrUHBTg8FN5ToP2yw=="
    "resolved" "https://registry.npmjs.org/@pixi/filter-fxaa/-/filter-fxaa-6.4.2.tgz"
    "version" "6.4.2"

  "@pixi/filter-kawase-blur@5.1.1":
    "integrity" "sha512-nPnJ1ChBFP+4pgFCwC0RJgHAJCetiHcQU3INH7zCdq88cFABmVmhN+wCKRNg4H7lF1EJjaXgFDkTrTreOD/bnw=="
    "resolved" "https://registry.npmjs.org/@pixi/filter-kawase-blur/-/filter-kawase-blur-5.1.1.tgz"
    "version" "5.1.1"

  "@pixi/filter-noise@6.4.2":
    "integrity" "sha512-WvtpU1JHKujwoRHP7vqcOQ700ZH6faFXVSG6+ot9giJldk1sf5xNK7tKjSEkhcQgI7VwAqwMy/z4Jho+clCPgg=="
    "resolved" "https://registry.npmjs.org/@pixi/filter-noise/-/filter-noise-6.4.2.tgz"
    "version" "6.4.2"

  "@pixi/graphics@>=5.0.0":
    "integrity" "sha512-snZdUhlG0MFolMeR7codSGdGO7sFsciBrtiCuIU49zILZ7/TbC82Tv2GGZuseYI3TTkBdYfoLXlvHrzAk/g8Dw=="
    "resolved" "https://registry.npmjs.org/@pixi/graphics/-/graphics-7.1.0.tgz"
    "version" "7.1.0"

  "@pixi/graphics@6.4.2":
    "integrity" "sha512-bMIuOee3ONsibRzq9/YUOPfrJ9rD5UK4ifhHRcB5sXwyRXhVK2HNkT2H4+0JQ8o7TxqjJE8neb5en9hn3ZR3SQ=="
    "resolved" "https://registry.npmjs.org/@pixi/graphics/-/graphics-6.4.2.tgz"
    "version" "6.4.2"

  "@pixi/interaction@6.4.2":
    "integrity" "sha512-CJ4BAZUM+9ykRE9NIOyTiv7oR+PoiDqn+GcI8boE9mRyJ0WZosznCYdcAwEk5k/F5+Az0z8hK3PjzTuNvrPAcw=="
    "resolved" "https://registry.npmjs.org/@pixi/interaction/-/interaction-6.4.2.tgz"
    "version" "6.4.2"

  "@pixi/loaders@6.4.2":
    "integrity" "sha512-2y4JbGhhYYYdKIZfy9Evc7rcctqcXiP6xuAuIfqVgRD9SjQkxImelgCpyYT/BpjXP5jetyim8Usv07Ynx+4B0w=="
    "resolved" "https://registry.npmjs.org/@pixi/loaders/-/loaders-6.4.2.tgz"
    "version" "6.4.2"

  "@pixi/math@6.4.2":
    "integrity" "sha512-/byuwLhzln7Gahl3pT/Ckfwe4nvAQ3tAYu+38B+b18HkQWi3Ykci/QwVq/nICb5sa5tJzW3icno2qcv7zBd2xQ=="
    "resolved" "https://registry.npmjs.org/@pixi/math/-/math-6.4.2.tgz"
    "version" "6.4.2"

  "@pixi/math@7.1.0":
    "integrity" "sha512-du0H9egUtducS6WExFDRzoZM88DAHYSRMr2/PcEOpd2IEI6LvVCAonxFp0P1e7c62yMWYA1kAJV0qLlsiOCzzA=="
    "resolved" "https://registry.npmjs.org/@pixi/math/-/math-7.1.0.tgz"
    "version" "7.1.0"

  "@pixi/mesh-extras@6.4.2":
    "integrity" "sha512-fTfz+LiqhCrQ2Bnc05bURshyXOUuH1KZXKneXgUhmWb8u02Mc41mT4aylf/Ve9YhVMBL5dcsY5UTGrfn+MvIsg=="
    "resolved" "https://registry.npmjs.org/@pixi/mesh-extras/-/mesh-extras-6.4.2.tgz"
    "version" "6.4.2"

  "@pixi/mesh@6.4.2":
    "integrity" "sha512-zbrgcYg2EGtxj6h0SC3pSe8Nc0R5jSM0r2GJXjqdiBywsKH0c+XKdUMCi3LZ1uCbJraN5N0suOkBHTUEK1Qx3Q=="
    "resolved" "https://registry.npmjs.org/@pixi/mesh/-/mesh-6.4.2.tgz"
    "version" "6.4.2"

  "@pixi/mixin-cache-as-bitmap@6.4.2":
    "integrity" "sha512-TyMoSDoxd8o1J6/S/8xjJlCO4ThVOC2aJdHMP3hNX8GqjszOWZ2JONwVrPauToCPLyM76JXoDylwINB0bMh3YQ=="
    "resolved" "https://registry.npmjs.org/@pixi/mixin-cache-as-bitmap/-/mixin-cache-as-bitmap-6.4.2.tgz"
    "version" "6.4.2"

  "@pixi/mixin-get-child-by-name@6.4.2":
    "integrity" "sha512-VP8RihmDiah3x/7jHoJe1f9PCWadWOC5m5pHE886e4KafZq6vRJAoD9SMBm2VxcVJMZAvwIXnnTd6M2paC6ijg=="
    "resolved" "https://registry.npmjs.org/@pixi/mixin-get-child-by-name/-/mixin-get-child-by-name-6.4.2.tgz"
    "version" "6.4.2"

  "@pixi/mixin-get-global-position@6.4.2":
    "integrity" "sha512-sb+uzQ1OjXeGZaehuhmYoLtmrpt18gj4OQXa/ACebIEYZNB0fy57k1MMEhQlQvv4cOML0nglf64nzhkdNxk85A=="
    "resolved" "https://registry.npmjs.org/@pixi/mixin-get-global-position/-/mixin-get-global-position-6.4.2.tgz"
    "version" "6.4.2"

  "@pixi/particle-container@6.4.2":
    "integrity" "sha512-AWeeGNk0ngGBNCyY25jnYHpxLi9mZ2TKvJCFuDl7WyUDKRekJjjF5ctxtATNECIy964HFadlV31Jzrlji2sDiQ=="
    "resolved" "https://registry.npmjs.org/@pixi/particle-container/-/particle-container-6.4.2.tgz"
    "version" "6.4.2"

  "@pixi/polyfill@6.4.2":
    "integrity" "sha512-526FVALec5Hf6KVuguRLmLjnAAodpcBeZdQvMVEyMqgxZLch3f6QSwq+SITqR2lr7toqRYEWMyH7ISXdqbcRAg=="
    "resolved" "https://registry.npmjs.org/@pixi/polyfill/-/polyfill-6.4.2.tgz"
    "version" "6.4.2"
    dependencies:
      "object-assign" "^4.1.1"
      "promise-polyfill" "^8.2.0"

  "@pixi/prepare@6.4.2":
    "integrity" "sha512-6UXNvKxCsoJVCGZslkqynkwaY+uHsSfcQHsmm/aVg6Y1bcA8Uv8JUgZVTnF195APqPLh1k3KYYch2hrdC0ip0A=="
    "resolved" "https://registry.npmjs.org/@pixi/prepare/-/prepare-6.4.2.tgz"
    "version" "6.4.2"

  "@pixi/runner@6.4.2":
    "integrity" "sha512-mH1//C931Rd+RB/c66t8VMNmLUGBCnefRftgijV5mBFXNgyP8Dnbig1790Qw4IDKPgiiR1mRmGDGAJAr0Xa/3A=="
    "resolved" "https://registry.npmjs.org/@pixi/runner/-/runner-6.4.2.tgz"
    "version" "6.4.2"

  "@pixi/runner@7.1.0":
    "integrity" "sha512-Heuvu3zb+VGLUdwad2AE8w9HD1i3r1wbwTG/zuL0KrCa6SaEgV0Ro/GOE9HpCWppCylruToxEPsVKW/YJ1zL3w=="
    "resolved" "https://registry.npmjs.org/@pixi/runner/-/runner-7.1.0.tgz"
    "version" "7.1.0"

  "@pixi/settings@6.4.2":
    "integrity" "sha512-wA2PEVoHYaRiQ0/zvq8nqJZkzDT3qLRl8S7yVfL1yhsbCsh6KI0hjCwqy8b8xCAVAMwkInzWx64lvQbfActnAg=="
    "resolved" "https://registry.npmjs.org/@pixi/settings/-/settings-6.4.2.tgz"
    "version" "6.4.2"
    dependencies:
      "ismobilejs" "^1.1.0"

  "@pixi/settings@7.1.0":
    "integrity" "sha512-VnRI0R3vgglKZxbyA0lJVyS/qJHDEZlLYkVXb79CRF+wimaVgETtTLBpNaDxTMjwVwt2yqM1HvykvABuJ8YxNQ=="
    "resolved" "https://registry.npmjs.org/@pixi/settings/-/settings-7.1.0.tgz"
    "version" "7.1.0"
    dependencies:
      "@pixi/constants" "7.1.0"
      "@types/css-font-loading-module" "^0.0.7"

  "@pixi/sprite-animated@6.4.2":
    "integrity" "sha512-K0/AfB+EaPmqfJr/yxsbL/sF1nEHBxeT+4+1MlTTBwNW2y9r+OyZiO/1CEmn1r3D7utFzxa+BkS1jGLVF+1klw=="
    "resolved" "https://registry.npmjs.org/@pixi/sprite-animated/-/sprite-animated-6.4.2.tgz"
    "version" "6.4.2"

  "@pixi/sprite-tiling@6.4.2":
    "integrity" "sha512-2kTVlgOMDi8MmvrZJBe4pt96hIcFS89kJrZYG+aEg7DoS1oQJ1X/T68feqz0PfMHgTJtQiDqn2NbR+/S1E/HpQ=="
    "resolved" "https://registry.npmjs.org/@pixi/sprite-tiling/-/sprite-tiling-6.4.2.tgz"
    "version" "6.4.2"

  "@pixi/sprite@6.4.2":
    "integrity" "sha512-UW3587gBSdY8iCh/t7+7j1CV9iouAQrLvRNw42gJm5iQm+GaLWpQEI3GSaQX9u47fi1C2nokeGa6uB2Hwz/48Q=="
    "resolved" "https://registry.npmjs.org/@pixi/sprite/-/sprite-6.4.2.tgz"
    "version" "6.4.2"

  "@pixi/spritesheet@6.4.2":
    "integrity" "sha512-iSKVXcH4oPNZ+XdirqMTdgo3MbbXRsoAeuXsoWum2aP4Zm94cSQ0kRGAMXg5SVhQTWF5w+tQ+JKfE/kGZqd5Vg=="
    "resolved" "https://registry.npmjs.org/@pixi/spritesheet/-/spritesheet-6.4.2.tgz"
    "version" "6.4.2"

  "@pixi/text-bitmap@6.4.2":
    "integrity" "sha512-P+LjlEA2g2+UdHrT95wB3SoL40Z4AqMlfW6rh8WDxCtfvjafBM8Cl2sqkvd962GOrp7MuVCLYTodIs7LaYf9BQ=="
    "resolved" "https://registry.npmjs.org/@pixi/text-bitmap/-/text-bitmap-6.4.2.tgz"
    "version" "6.4.2"

  "@pixi/text@6.4.2":
    "integrity" "sha512-jX2LBjgEwKqm5lTUKh3gusSKsSPQpibdcxYMQKxMDNVqvNyGG9UqEO/FogMnGg6c5EHBKyMas26c8oXrf1oagg=="
    "resolved" "https://registry.npmjs.org/@pixi/text/-/text-6.4.2.tgz"
    "version" "6.4.2"

  "@pixi/ticker@6.4.2":
    "integrity" "sha512-OM2U0qLiU2Z+qami7DRNkBJnx20ElQO/5mJNsoHQRH6k/po0nXlux8jcCXhh5DE9lds4RdUFAwTL4RmLT1clDw=="
    "resolved" "https://registry.npmjs.org/@pixi/ticker/-/ticker-6.4.2.tgz"
    "version" "6.4.2"

  "@pixi/ticker@7.1.0":
    "integrity" "sha512-P95JcTMsoqSJDFIp3v8ClhyFs/Eqv7/XbYxA6FuaHISFfX1I3xIywejqSvrtquQJZDyNED8QgGWR1xCZy0tBZw=="
    "resolved" "https://registry.npmjs.org/@pixi/ticker/-/ticker-7.1.0.tgz"
    "version" "7.1.0"
    dependencies:
      "@pixi/extensions" "7.1.0"
      "@pixi/settings" "7.1.0"
      "@pixi/utils" "7.1.0"

  "@pixi/utils@6.4.2":
    "integrity" "sha512-FORUzSikNUNceS6sf2NlRcGukmJrnWCQToA6Nqk+tQ7Lvb42vDTVI66ya44O6HYM2J0nL684YeYesWbAZ+UeKg=="
    "resolved" "https://registry.npmjs.org/@pixi/utils/-/utils-6.4.2.tgz"
    "version" "6.4.2"
    dependencies:
      "@types/earcut" "^2.1.0"
      "earcut" "^2.2.2"
      "eventemitter3" "^3.1.0"
      "url" "^0.11.0"

  "@pixi/utils@7.1.0":
    "integrity" "sha512-QPrugQvwR/Rw23TXAnLXIZwvto2f8/pgxIFvFOAVPBozBWBkibHuGevq7Jlcaybn95KafLfY9nFMbM0qRInWCg=="
    "resolved" "https://registry.npmjs.org/@pixi/utils/-/utils-7.1.0.tgz"
    "version" "7.1.0"
    dependencies:
      "@pixi/constants" "7.1.0"
      "@pixi/settings" "7.1.0"
      "@types/earcut" "^2.1.0"
      "earcut" "^2.2.4"
      "eventemitter3" "^4.0.0"
      "url" "^0.11.0"

  "@types/css-font-loading-module@^0.0.7":
    "integrity" "sha512-nl09VhutdjINdWyXxHWN/w9zlNCfr60JUqJbd24YXUuCwgeL0TpFSdElCwb6cxfB6ybE19Gjj4g0jsgkXxKv1Q=="
    "resolved" "https://registry.npmjs.org/@types/css-font-loading-module/-/css-font-loading-module-0.0.7.tgz"
    "version" "0.0.7"

  "@types/earcut@^2.1.0":
    "integrity" "sha512-w8oigUCDjElRHRRrMvn/spybSMyX8MTkKA5Dv+tS1IE/TgmNZPqUYtvYBXGY8cieSE66gm+szeK+bnbxC2xHTQ=="
    "resolved" "https://registry.npmjs.org/@types/earcut/-/earcut-2.1.1.tgz"
    "version" "2.1.1"

  "@types/minimist@^1.2.0":
    "integrity" "sha512-jhuKLIRrhvCPLqwPcx6INqmKeiA5EWrsCOPhrlFSrbrmU4ZMPjj5Ul/oLCMDO98XRUIwVm78xICz4EPCektzeQ=="
    "resolved" "https://registry.npmjs.org/@types/minimist/-/minimist-1.2.2.tgz"
    "version" "1.2.2"

  "@types/normalize-package-data@^2.4.0":
    "integrity" "sha512-Gj7cI7z+98M282Tqmp2K5EIsoouUEzbBJhQQzDE3jSIRk6r9gsz0oUokqIUR4u1R3dMHo0pDHM7sNOHyhulypw=="
    "resolved" "https://registry.npmjs.org/@types/normalize-package-data/-/normalize-package-data-2.4.1.tgz"
    "version" "2.4.1"

  "@types/offscreencanvas@^2019.6.4":
    "integrity" "sha512-PGcyveRIpL1XIqK8eBsmRBt76eFgtzuPiSTyKHZxnGemp2yzGzWpjYKAfK3wIMiU7eH+851yEpiuP8JZerTmWg=="
    "resolved" "https://registry.npmjs.org/@types/offscreencanvas/-/offscreencanvas-2019.7.0.tgz"
    "version" "2019.7.0"

  "ansi-styles@^3.2.1":
    "integrity" "sha512-VT0ZI6kZRdTh8YyJw3SMbYm/u+NqfsAxEpWO0Pf9sq8/e94WxxOpPKx9FR1FlyCtOVDNOQ+8ntlqFxiRc+r5qA=="
    "resolved" "https://registry.npmjs.org/ansi-styles/-/ansi-styles-3.2.1.tgz"
    "version" "3.2.1"
    dependencies:
      "color-convert" "^1.9.0"

  "arrify@^1.0.1":
    "integrity" "sha512-3CYzex9M9FGQjCGMGyi6/31c8GJbgb0qGyrx5HWxPd0aCwh4cB2YjMb2Xf9UuoogrMrlO9cTqnB5rI5GHZTcUA=="
    "resolved" "https://registry.npmjs.org/arrify/-/arrify-1.0.1.tgz"
    "version" "1.0.1"

  "asynckit@^0.4.0":
    "integrity" "sha512-Oei9OH4tRh0YqU3GxhX79dM/mwVgvbZJaSNaRk+bshkj0S5cfHcgYakreBjrHwatXKbz+IoIdYLxrKim2MjW0Q=="
    "resolved" "https://registry.npmjs.org/asynckit/-/asynckit-0.4.0.tgz"
    "version" "0.4.0"

  "camelcase-keys@^6.2.2":
    "integrity" "sha512-YrwaA0vEKazPBkn0ipTiMpSajYDSe+KjQfrjhcBMxJt/znbvlHd8Pw/Vamaz5EB4Wfhs3SUR3Z9mwRu/P3s3Yg=="
    "resolved" "https://registry.npmjs.org/camelcase-keys/-/camelcase-keys-6.2.2.tgz"
    "version" "6.2.2"
    dependencies:
      "camelcase" "^5.3.1"
      "map-obj" "^4.0.0"
      "quick-lru" "^4.0.1"

  "camelcase@^5.0.0", "camelcase@^5.3.1":
    "integrity" "sha512-L28STB170nwWS63UjtlEOE3dldQApaJXZkOI1uMFfzf3rRuPegHaHesyee+YxQ+W6SvRDQV6UrdOdRiR153wJg=="
    "resolved" "https://registry.npmjs.org/camelcase/-/camelcase-5.3.1.tgz"
    "version" "5.3.1"

  "chalk@^2.0.0":
    "integrity" "sha512-Mti+f9lpJNcwF4tWV8/OrTTtF1gZi+f8FqlyAdouralcFWFQWF2+NgCHShjkCb+IFBLq9buZwE1xckQU4peSuQ=="
    "resolved" "https://registry.npmjs.org/chalk/-/chalk-2.4.2.tgz"
    "version" "2.4.2"
    dependencies:
      "ansi-styles" "^3.2.1"
      "escape-string-regexp" "^1.0.5"
      "supports-color" "^5.3.0"

  "color-convert@^1.9.0":
    "integrity" "sha512-QfAUtd+vFdAtFQcC8CCyYt1fYWxSqAiK2cSD6zDB8N3cpsEBAvRxp9zOGg6G/SHHJYAT88/az/IuDGALsNVbGg=="
    "resolved" "https://registry.npmjs.org/color-convert/-/color-convert-1.9.3.tgz"
    "version" "1.9.3"
    dependencies:
      "color-name" "1.1.3"

  "color-name@1.1.3":
    "integrity" "sha512-72fSenhMw2HZMTVHeCA9KCmpEIbzWiQsjN+BHcBbS9vr1mtt+vJjPdksIBNUmKAW8TFUDPJK5SUU3QhE9NEXDw=="
    "resolved" "https://registry.npmjs.org/color-name/-/color-name-1.1.3.tgz"
    "version" "1.1.3"

  "combined-stream@^1.0.8":
    "integrity" "sha512-FQN4MRfuJeHf7cBbBMJFXhKSDq+2kAArBlmRBvcvFE5BB1HZKXtSFASDhdlz9zOYwxh8lDdnvmMOe/+5cdoEdg=="
    "resolved" "https://registry.npmjs.org/combined-stream/-/combined-stream-1.0.8.tgz"
    "version" "1.0.8"
    dependencies:
      "delayed-stream" "~1.0.0"

  "decamelize-keys@^1.1.0":
    "integrity" "sha512-WiPxgEirIV0/eIOMcnFBA3/IJZAZqKnwAwWyvvdi4lsr1WCN22nhdf/3db3DoZcUjTV2SqfzIwNyp6y2xs3nmg=="
    "resolved" "https://registry.npmjs.org/decamelize-keys/-/decamelize-keys-1.1.1.tgz"
    "version" "1.1.1"
    dependencies:
      "decamelize" "^1.1.0"
      "map-obj" "^1.0.0"

  "decamelize@^1.1.0", "decamelize@^1.2.0":
    "integrity" "sha512-z2S+W9X73hAUUki+N+9Za2lBlun89zigOyGrsax+KUQ6wKW4ZoWpEYBkGhQjwAjjDCkWxhY0VKEhk8wzY7F5cA=="
    "resolved" "https://registry.npmjs.org/decamelize/-/decamelize-1.2.0.tgz"
    "version" "1.2.0"

  "delayed-stream@~1.0.0":
    "integrity" "sha512-ZySD7Nf91aLB0RxL4KGrKHBXl7Eds1DAmEdcoVawXnLD7SDhpNgtuII2aAkg7a7QS41jxPSZ17p4VdGnMHk3MQ=="
    "resolved" "https://registry.npmjs.org/delayed-stream/-/delayed-stream-1.0.0.tgz"
    "version" "1.0.0"

  "detect-libc@^1.0.3":
    "integrity" "sha512-pGjwhsmsp4kL2RTz08wcOlGN83otlqHeD/Z5T8GXZB+/YcpQ/dgo+lbU8ZsGxV0HIvqqxo9l7mqYwyYMD9bKDg=="
    "resolved" "https://registry.npmjs.org/detect-libc/-/detect-libc-1.0.3.tgz"
    "version" "1.0.3"

  "earcut@^2.2.2", "earcut@^2.2.4":
    "integrity" "sha512-/pjZsA1b4RPHbeWZQn66SWS8nZZWLQQ23oE3Eam7aroEFGEvwKAsJfZ9ytiEMycfzXWpca4FA9QIOehf7PocBQ=="
    "resolved" "https://registry.npmjs.org/earcut/-/earcut-2.2.4.tgz"
    "version" "2.2.4"

  "error-ex@^1.3.1":
    "integrity" "sha512-7dFHNmqeFSEt2ZBsCriorKnn3Z2pj+fd9kmI6QoWw4//DL+icEBfc0U7qJCisqrTsKTjw4fNFy2pW9OqStD84g=="
    "resolved" "https://registry.npmjs.org/error-ex/-/error-ex-1.3.2.tgz"
    "version" "1.3.2"
    dependencies:
      "is-arrayish" "^0.2.1"

  "esbuild@^0.16.13":
    "integrity" "sha512-oYwFdSEIoKM1oYzyem1osgKJAvg5447XF+05ava21fOtilyb2HeQQh26/74K4WeAk5dZmj/Mx10zUqUnI14jhA=="
    "resolved" "https://registry.npmjs.org/esbuild/-/esbuild-0.16.13.tgz"
    "version" "0.16.13"
    optionalDependencies:
      "@esbuild/android-arm" "0.16.13"
      "@esbuild/android-arm64" "0.16.13"
      "@esbuild/android-x64" "0.16.13"
      "@esbuild/darwin-arm64" "0.16.13"
      "@esbuild/darwin-x64" "0.16.13"
      "@esbuild/freebsd-arm64" "0.16.13"
      "@esbuild/freebsd-x64" "0.16.13"
      "@esbuild/linux-arm" "0.16.13"
      "@esbuild/linux-arm64" "0.16.13"
      "@esbuild/linux-ia32" "0.16.13"
      "@esbuild/linux-loong64" "0.16.13"
      "@esbuild/linux-mips64el" "0.16.13"
      "@esbuild/linux-ppc64" "0.16.13"
      "@esbuild/linux-riscv64" "0.16.13"
      "@esbuild/linux-s390x" "0.16.13"
      "@esbuild/linux-x64" "0.16.13"
      "@esbuild/netbsd-x64" "0.16.13"
      "@esbuild/openbsd-x64" "0.16.13"
      "@esbuild/sunos-x64" "0.16.13"
      "@esbuild/win32-arm64" "0.16.13"
      "@esbuild/win32-ia32" "0.16.13"
      "@esbuild/win32-x64" "0.16.13"

  "escape-string-regexp@^1.0.5":
    "integrity" "sha512-vbRorB5FUQWvla16U8R/qgaFIya2qGzwDrNmCZuYKrbdSUMG6I1ZCGQRefkRVhuOkIGVne7BQ35DSfo1qvJqFg=="
    "resolved" "https://registry.npmjs.org/escape-string-regexp/-/escape-string-regexp-1.0.5.tgz"
    "version" "1.0.5"

  "eventemitter3@^3.1.0":
    "integrity" "sha512-tvtQIeLVHjDkJYnzf2dgVMxfuSGJeM/7UCG17TT4EumTfNtF+0nebF/4zWOIkCreAbtNqhGEboB6BWrwqNaw4Q=="
    "resolved" "https://registry.npmjs.org/eventemitter3/-/eventemitter3-3.1.2.tgz"
    "version" "3.1.2"

  "eventemitter3@^4.0.0":
    "integrity" "sha512-8guHBZCwKnFhYdHr2ysuRWErTwhoN2X8XELRlrRwpmfeY2jjuUN4taQMsULKUVo1K4DvZl+0pgfyoysHxvmvEw=="
    "resolved" "https://registry.npmjs.org/eventemitter3/-/eventemitter3-4.0.7.tgz"
    "version" "4.0.7"

  "find-up@^4.1.0":
    "integrity" "sha512-PpOwAdQ/YlXQ2vj8a3h8IipDuYRi3wceVQQGYWxNINccq40Anw7BlsEXCMbt1Zt+OLA6Fq9suIpIWD0OsnISlw=="
    "resolved" "https://registry.npmjs.org/find-up/-/find-up-4.1.0.tgz"
    "version" "4.1.0"
    dependencies:
      "locate-path" "^5.0.0"
      "path-exists" "^4.0.0"

  "form-data@^4.0.0":
    "integrity" "sha512-ETEklSGi5t0QMZuiXoA/Q6vcnxcLQP5vdugSpuAyi6SVGi2clPPp+xgEhuMaHC+zGgn31Kd235W35f7Hykkaww=="
    "resolved" "https://registry.npmjs.org/form-data/-/form-data-4.0.0.tgz"
    "version" "4.0.0"
    dependencies:
      "asynckit" "^0.4.0"
      "combined-stream" "^1.0.8"
      "mime-types" "^2.1.12"

  "function-bind@^1.1.1":
    "integrity" "sha512-yIovAzMX49sF8Yl58fSCWJ5svSLuaibPxXQJFLmBObTuCr0Mf1KiPopGM9NiFjiYBCbfaa2Fh6breQ6ANVTI0A=="
    "resolved" "https://registry.npmjs.org/function-bind/-/function-bind-1.1.1.tgz"
    "version" "1.1.1"

  "hard-rejection@^2.1.0":
    "integrity" "sha512-VIZB+ibDhx7ObhAe7OVtoEbuP4h/MuOTHJ+J8h/eBXotJYl0fBgR72xDFCKgIh22OJZIOVNxBMWuhAr10r8HdA=="
    "resolved" "https://registry.npmjs.org/hard-rejection/-/hard-rejection-2.1.0.tgz"
    "version" "2.1.0"

  "has-flag@^3.0.0":
    "integrity" "sha512-sKJf1+ceQBr4SMkvQnBDNDtf4TXpVhVGateu0t918bl30FnbE2m4vNLX+VWe/dpjlb+HugGYzW7uQXH98HPEYw=="
    "resolved" "https://registry.npmjs.org/has-flag/-/has-flag-3.0.0.tgz"
    "version" "3.0.0"

  "has@^1.0.3":
    "integrity" "sha512-f2dvO0VU6Oej7RkWJGrehjbzMAjFp5/VKPp5tTpWIV4JHHZK1/BxbFRtf/siA2SWTe09caDmVtYYzWEIbBS4zw=="
    "resolved" "https://registry.npmjs.org/has/-/has-1.0.3.tgz"
    "version" "1.0.3"
    dependencies:
      "function-bind" "^1.1.1"

  "hosted-git-info@^2.1.4":
    "integrity" "sha512-mxIDAb9Lsm6DoOJ7xH+5+X4y1LU/4Hi50L9C5sIswK3JzULS4bwk1FvjdBgvYR4bzT4tuUQiC15FE2f5HbLvYw=="
    "resolved" "https://registry.npmjs.org/hosted-git-info/-/hosted-git-info-2.8.9.tgz"
    "version" "2.8.9"

  "indent-string@^4.0.0":
    "integrity" "sha512-EdDDZu4A2OyIK7Lr/2zG+w5jmbuk1DVBnEwREQvBzspBJkCEbRa8GxU1lghYcaGJCnRWibjDXlq779X1/y5xwg=="
    "resolved" "https://registry.npmjs.org/indent-string/-/indent-string-4.0.0.tgz"
    "version" "4.0.0"

  "is-arrayish@^0.2.1":
    "integrity" "sha512-zz06S8t0ozoDXMG+ube26zeCTNXcKIPJZJi8hBrF4idCLms4CG9QtK7qBl1boi5ODzFpjswb5JPmHCbMpjaYzg=="
    "resolved" "https://registry.npmjs.org/is-arrayish/-/is-arrayish-0.2.1.tgz"
    "version" "0.2.1"

  "is-core-module@^2.9.0":
    "integrity" "sha512-RRjxlvLDkD1YJwDbroBHMb+cukurkDWNyHx7D3oNB5x9rb5ogcksMC5wHCadcXoo67gVr/+3GFySh3134zi6rw=="
    "resolved" "https://registry.npmjs.org/is-core-module/-/is-core-module-2.11.0.tgz"
    "version" "2.11.0"
    dependencies:
      "has" "^1.0.3"

  "is-plain-obj@^1.1.0":
    "integrity" "sha512-yvkRyxmFKEOQ4pNXCmJG5AEQNlXJS5LaONXo5/cLdTZdWvsZ1ioJEonLGAosKlMWE8lwUy/bJzMjcw8az73+Fg=="
    "resolved" "https://registry.npmjs.org/is-plain-obj/-/is-plain-obj-1.1.0.tgz"
    "version" "1.1.0"

  "ismobilejs@^1.1.0":
    "integrity" "sha512-VaFW53yt8QO61k2WJui0dHf4SlL8lxBofUuUmwBo0ljPk0Drz2TiuDW4jo3wDcv41qy/SxrJ+VAzJ/qYqsmzRw=="
    "resolved" "https://registry.npmjs.org/ismobilejs/-/ismobilejs-1.1.1.tgz"
    "version" "1.1.1"

  "js-tokens@^4.0.0":
    "integrity" "sha512-RdJUflcE3cUzKiMqQgsCu06FPu9UdIJO0beYbPhHN4k6apgJtifcoCtT9bcxOpYBtpD2kCM6Sbzg4CausW/PKQ=="
    "resolved" "https://registry.npmjs.org/js-tokens/-/js-tokens-4.0.0.tgz"
    "version" "4.0.0"

  "json-parse-even-better-errors@^2.3.0":
    "integrity" "sha512-xyFwyhro/JEof6Ghe2iz2NcXoj2sloNsWr/XsERDK/oiPCfaNhl5ONfp+jQdAZRQQ0IJWNzH9zIZF7li91kh2w=="
    "resolved" "https://registry.npmjs.org/json-parse-even-better-errors/-/json-parse-even-better-errors-2.3.1.tgz"
    "version" "2.3.1"

  "kind-of@^6.0.3":
    "integrity" "sha512-dcS1ul+9tmeD95T+x28/ehLgd9mENa3LsvDTtzm3vyBEO7RPptvAD+t44WVXaUjTBRcrpFeFlC8WCruUR456hw=="
    "resolved" "https://registry.npmjs.org/kind-of/-/kind-of-6.0.3.tgz"
    "version" "6.0.3"

  "leaflet@^1.9.3":
    "integrity" "sha512-iB2cR9vAkDOu5l3HAay2obcUHZ7xwUBBjph8+PGtmW/2lYhbLizWtG7nTeYht36WfOslixQF9D/uSIzhZgGMfQ=="
    "resolved" "https://registry.npmjs.org/leaflet/-/leaflet-1.9.3.tgz"
    "version" "1.9.3"

  "lines-and-columns@^1.1.6":
    "integrity" "sha512-7ylylesZQ/PV29jhEDl3Ufjo6ZX7gCqJr5F7PKrqc93v7fzSymt1BpwEU8nAUXs8qzzvqhbjhK5QZg6Mt/HkBg=="
    "resolved" "https://registry.npmjs.org/lines-and-columns/-/lines-and-columns-1.2.4.tgz"
    "version" "1.2.4"

  "locate-path@^5.0.0":
    "integrity" "sha512-t7hw9pI+WvuwNJXwk5zVHpyhIqzg2qTlklJOf0mVxGSbe3Fp2VieZcduNYjaLDoy6p9uGpQEGWG87WpMKlNq8g=="
    "resolved" "https://registry.npmjs.org/locate-path/-/locate-path-5.0.0.tgz"
    "version" "5.0.0"
    dependencies:
      "p-locate" "^4.1.0"

  "map-obj@^1.0.0":
    "integrity" "sha512-7N/q3lyZ+LVCp7PzuxrJr4KMbBE2hW7BT7YNia330OFxIf4d3r5zVpicP2650l7CPN6RM9zOJRl3NGpqSiw3Eg=="
    "resolved" "https://registry.npmjs.org/map-obj/-/map-obj-1.0.1.tgz"
    "version" "1.0.1"

  "map-obj@^4.0.0":
    "integrity" "sha512-hdN1wVrZbb29eBGiGjJbeP8JbKjq1urkHJ/LIP/NY48MZ1QVXUsQBV1G1zvYFHn1XE06cwjBsOI2K3Ulnj1YXQ=="
    "resolved" "https://registry.npmjs.org/map-obj/-/map-obj-4.3.0.tgz"
    "version" "4.3.0"

  "meow@^6.1.1":
    "integrity" "sha512-3YffViIt2QWgTy6Pale5QpopX/IvU3LPL03jOTqp6pGj3VjesdO/U8CuHMKpnQr4shCNCM5fd5XFFvIIl6JBHg=="
    "resolved" "https://registry.npmjs.org/meow/-/meow-6.1.1.tgz"
    "version" "6.1.1"
    dependencies:
      "@types/minimist" "^1.2.0"
      "camelcase-keys" "^6.2.2"
      "decamelize-keys" "^1.1.0"
      "hard-rejection" "^2.1.0"
      "minimist-options" "^4.0.2"
      "normalize-package-data" "^2.5.0"
      "read-pkg-up" "^7.0.1"
      "redent" "^3.0.0"
      "trim-newlines" "^3.0.0"
      "type-fest" "^0.13.1"
      "yargs-parser" "^18.1.3"

  "mime-db@1.52.0":
    "integrity" "sha512-sPU4uV7dYlvtWJxwwxHD0PuihVNiE7TyAbQ5SWxDCB9mUYvOgroQOwYQQOKPJ8CIbE+1ETVlOoK1UC2nU3gYvg=="
    "resolved" "https://registry.npmjs.org/mime-db/-/mime-db-1.52.0.tgz"
    "version" "1.52.0"

  "mime-types@^2.1.12":
    "integrity" "sha512-ZDY+bPm5zTTF+YpCrAU9nK0UgICYPT0QtT1NZWFv4s++TNkcgVaT0g6+4R2uI4MjQjzysHB1zxuWL50hzaeXiw=="
    "resolved" "https://registry.npmjs.org/mime-types/-/mime-types-2.1.35.tgz"
    "version" "2.1.35"
    dependencies:
      "mime-db" "1.52.0"

  "min-indent@^1.0.0":
    "integrity" "sha512-I9jwMn07Sy/IwOj3zVkVik2JTvgpaykDZEigL6Rx6N9LbMywwUSMtxET+7lVoDLLd3O3IXwJwvuuns8UB/HeAg=="
    "resolved" "https://registry.npmjs.org/min-indent/-/min-indent-1.0.1.tgz"
    "version" "1.0.1"

  "minimist-options@^4.0.2":
    "integrity" "sha512-Q4r8ghd80yhO/0j1O3B2BjweX3fiHg9cdOwjJd2J76Q135c+NDxGCqdYKQ1SKBuFfgWbAUzBfvYjPUEeNgqN1A=="
    "resolved" "https://registry.npmjs.org/minimist-options/-/minimist-options-4.1.0.tgz"
    "version" "4.1.0"
    dependencies:
      "arrify" "^1.0.1"
      "is-plain-obj" "^1.1.0"
      "kind-of" "^6.0.3"

  "node-fetch@2.6.6":
    "integrity" "sha512-Z8/6vRlTUChSdIgMa51jxQ4lrw/Jy5SOW10ObaA47/RElsAN2c5Pn8bTgFGWn/ibwzXTE8qwr1Yzx28vsecXEA=="
    "resolved" "https://registry.npmjs.org/node-fetch/-/node-fetch-2.6.6.tgz"
    "version" "2.6.6"
    dependencies:
      "whatwg-url" "^5.0.0"

  "normalize-package-data@^2.5.0":
    "integrity" "sha512-/5CMN3T0R4XTj4DcGaexo+roZSdSFW/0AOOTROrjxzCG1wrWXEsGbRKevjlIL+ZDE4sZlJr5ED4YW0yqmkK+eA=="
    "resolved" "https://registry.npmjs.org/normalize-package-data/-/normalize-package-data-2.5.0.tgz"
    "version" "2.5.0"
    dependencies:
      "hosted-git-info" "^2.1.4"
      "resolve" "^1.10.0"
      "semver" "2 || 3 || 4 || 5"
      "validate-npm-package-license" "^3.0.1"

  "object-assign@^4.1.1":
    "integrity" "sha512-rJgTQnkUnH1sFw8yT6VSU3zD3sWmu6sZhIseY8VX+GRu3P6F7Fu+JNDoXfklElbLJSnc3FUQHVe4cU5hj+BcUg=="
    "resolved" "https://registry.npmjs.org/object-assign/-/object-assign-4.1.1.tgz"
    "version" "4.1.1"

  "p-limit@^2.2.0":
    "integrity" "sha512-//88mFWSJx8lxCzwdAABTJL2MyWB12+eIY7MDL2SqLmAkeKU9qxRvWuSyTjm3FUmpBEMuFfckAIqEaVGUDxb6w=="
    "resolved" "https://registry.npmjs.org/p-limit/-/p-limit-2.3.0.tgz"
    "version" "2.3.0"
    dependencies:
      "p-try" "^2.0.0"

  "p-locate@^4.1.0":
    "integrity" "sha512-R79ZZ/0wAxKGu3oYMlz8jy/kbhsNrS7SKZ7PxEHBgJ5+F2mtFW2fK2cOtBh1cHYkQsbzFV7I+EoRKe6Yt0oK7A=="
    "resolved" "https://registry.npmjs.org/p-locate/-/p-locate-4.1.0.tgz"
    "version" "4.1.0"
    dependencies:
      "p-limit" "^2.2.0"

  "p-try@^2.0.0":
    "integrity" "sha512-R4nPAVTAU0B9D35/Gk3uJf/7XYbQcyohSKdvAxIRSNghFl4e71hVoGnBNQz9cWaXxO2I10KTC+3jMdvvoKw6dQ=="
    "resolved" "https://registry.npmjs.org/p-try/-/p-try-2.2.0.tgz"
    "version" "2.2.0"

  "parse-json@^5.0.0":
    "integrity" "sha512-ayCKvm/phCGxOkYRSCM82iDwct8/EonSEgCSxWxD7ve6jHggsFl4fZVQBPRNgQoKiuV/odhFrGzQXZwbifC8Rg=="
    "resolved" "https://registry.npmjs.org/parse-json/-/parse-json-5.2.0.tgz"
    "version" "5.2.0"
    dependencies:
      "@babel/code-frame" "^7.0.0"
      "error-ex" "^1.3.1"
      "json-parse-even-better-errors" "^2.3.0"
      "lines-and-columns" "^1.1.6"

  "path-exists@^4.0.0":
    "integrity" "sha512-ak9Qy5Q7jYb2Wwcey5Fpvg2KoAc/ZIhLSLOSBmRmygPsGwkVVt0fZa0qrtMz+m6tJTAHfZQ8FnmB4MG4LWy7/w=="
    "resolved" "https://registry.npmjs.org/path-exists/-/path-exists-4.0.0.tgz"
    "version" "4.0.0"

  "path-parse@^1.0.7":
    "integrity" "sha512-LDJzPVEEEPR+y48z93A0Ed0yXb8pAByGWo/k5YYdYgpY2/2EsOsksJrq7lOHxryrVOn1ejG6oAp8ahvOIQD8sw=="
    "resolved" "https://registry.npmjs.org/path-parse/-/path-parse-1.0.7.tgz"
    "version" "1.0.7"

  "pixi-svg@3.2.0":
    "integrity" "sha512-03S6IG2l7sI+WWz1aK3GE65h1rceHEcTO8AhNxZlRB+S2lFccY6mazu/J4chUatbxR2XDrc2Q4X03PfduyLr1Q=="
    "resolved" "https://registry.npmjs.org/pixi-svg/-/pixi-svg-3.2.0.tgz"
    "version" "3.2.0"

  "pixi.js@6.4.2":
    "integrity" "sha512-8fjWgBfuSinIz0J5qXdsz10KAeDYyaa8XOcp4E1f+ug5ckE5rTPCcrSwQ8LNWA/YpdJ5irGOjv0rEA4sOcWVeQ=="
    "resolved" "https://registry.npmjs.org/pixi.js/-/pixi.js-6.4.2.tgz"
    "version" "6.4.2"
    dependencies:
      "@pixi/accessibility" "6.4.2"
      "@pixi/app" "6.4.2"
      "@pixi/compressed-textures" "6.4.2"
      "@pixi/constants" "6.4.2"
      "@pixi/core" "6.4.2"
      "@pixi/display" "6.4.2"
      "@pixi/extract" "6.4.2"
      "@pixi/filter-alpha" "6.4.2"
      "@pixi/filter-blur" "6.4.2"
      "@pixi/filter-color-matrix" "6.4.2"
      "@pixi/filter-displacement" "6.4.2"
      "@pixi/filter-fxaa" "6.4.2"
      "@pixi/filter-noise" "6.4.2"
      "@pixi/graphics" "6.4.2"
      "@pixi/interaction" "6.4.2"
      "@pixi/loaders" "6.4.2"
      "@pixi/math" "6.4.2"
      "@pixi/mesh" "6.4.2"
      "@pixi/mesh-extras" "6.4.2"
      "@pixi/mixin-cache-as-bitmap" "6.4.2"
      "@pixi/mixin-get-child-by-name" "6.4.2"
      "@pixi/mixin-get-global-position" "6.4.2"
      "@pixi/particle-container" "6.4.2"
      "@pixi/polyfill" "6.4.2"
      "@pixi/prepare" "6.4.2"
      "@pixi/runner" "6.4.2"
      "@pixi/settings" "6.4.2"
      "@pixi/sprite" "6.4.2"
      "@pixi/sprite-animated" "6.4.2"
      "@pixi/sprite-tiling" "6.4.2"
      "@pixi/spritesheet" "6.4.2"
      "@pixi/text" "6.4.2"
      "@pixi/text-bitmap" "6.4.2"
      "@pixi/ticker" "6.4.2"
      "@pixi/utils" "6.4.2"

  "promise-polyfill@^8.2.0":
    "integrity" "sha512-Og0+jCRQetV84U8wVjMNccfGCnMQ9mGs9Hv78QFe+pSDD3gWTpz0y+1QCuxy5d/vBFuZ3iwP2eycAkvqIMPmWg=="
    "resolved" "https://registry.npmjs.org/promise-polyfill/-/promise-polyfill-8.2.3.tgz"
    "version" "8.2.3"

  "punycode@1.3.2":
    "integrity" "sha512-RofWgt/7fL5wP1Y7fxE7/EmTLzQVnB0ycyibJ0OOHIlJqTNzglYFxVwETOcIoJqJmpDXJ9xImDv+Fq34F/d4Dw=="
    "resolved" "https://registry.npmjs.org/punycode/-/punycode-1.3.2.tgz"
    "version" "1.3.2"

  "querystring@0.2.0":
    "integrity" "sha512-X/xY82scca2tau62i9mDyU9K+I+djTMUsvwf7xnUX5GLvVzgJybOJf4Y6o9Zx3oJK/LSXg5tTZBjwzqVPaPO2g=="
    "resolved" "https://registry.npmjs.org/querystring/-/querystring-0.2.0.tgz"
    "version" "0.2.0"

  "quick-lru@^4.0.1":
    "integrity" "sha512-ARhCpm70fzdcvNQfPoy49IaanKkTlRWF2JMzqhcJbhSFRZv7nPTvZJdcY7301IPmvW+/p0RgIWnQDLJxifsQ7g=="
    "resolved" "https://registry.npmjs.org/quick-lru/-/quick-lru-4.0.1.tgz"
    "version" "4.0.1"

  "read-pkg-up@^7.0.1":
    "integrity" "sha512-zK0TB7Xd6JpCLmlLmufqykGE+/TlOePD6qKClNW7hHDKFh/J7/7gCWGR7joEQEW1bKq3a3yUZSObOoWLFQ4ohg=="
    "resolved" "https://registry.npmjs.org/read-pkg-up/-/read-pkg-up-7.0.1.tgz"
    "version" "7.0.1"
    dependencies:
      "find-up" "^4.1.0"
      "read-pkg" "^5.2.0"
      "type-fest" "^0.8.1"

  "read-pkg@^5.2.0":
    "integrity" "sha512-Ug69mNOpfvKDAc2Q8DRpMjjzdtrnv9HcSMX+4VsZxD1aZ6ZzrIE7rlzXBtWTyhULSMKg076AW6WR5iZpD0JiOg=="
    "resolved" "https://registry.npmjs.org/read-pkg/-/read-pkg-5.2.0.tgz"
    "version" "5.2.0"
    dependencies:
      "@types/normalize-package-data" "^2.4.0"
      "normalize-package-data" "^2.5.0"
      "parse-json" "^5.0.0"
      "type-fest" "^0.6.0"

  "redent@^3.0.0":
    "integrity" "sha512-6tDA8g98We0zd0GvVeMT9arEOnTw9qM03L9cJXaCjrip1OO764RDBLBfrB4cwzNGDj5OA5ioymC9GkizgWJDUg=="
    "resolved" "https://registry.npmjs.org/redent/-/redent-3.0.0.tgz"
    "version" "3.0.0"
    dependencies:
      "indent-string" "^4.0.0"
      "strip-indent" "^3.0.0"

  "resolve@^1.10.0":
    "integrity" "sha512-nBpuuYuY5jFsli/JIs1oldw6fOQCBioohqWZg/2hiaOybXOft4lonv85uDOKXdf8rhyK159cxU5cDcK/NKk8zw=="
    "resolved" "https://registry.npmjs.org/resolve/-/resolve-1.22.1.tgz"
    "version" "1.22.1"
    dependencies:
      "is-core-module" "^2.9.0"
      "path-parse" "^1.0.7"
      "supports-preserve-symlinks-flag" "^1.0.0"

  "semver@2 || 3 || 4 || 5":
    "integrity" "sha512-sauaDf/PZdVgrLTNYHRtpXa1iRiKcaebiKQ1BJdpQlWH2lCvexQdX55snPFyK7QzpudqbCI0qXFfOasHdyNDGQ=="
    "resolved" "https://registry.npmjs.org/semver/-/semver-5.7.1.tgz"
    "version" "5.7.1"

  "spdx-correct@^3.0.0":
    "integrity" "sha512-cOYcUWwhCuHCXi49RhFRCyJEK3iPj1Ziz9DpViV3tbZOwXD49QzIN3MpOLJNxh2qwq2lJJZaKMVw9qNi4jTC0w=="
    "resolved" "https://registry.npmjs.org/spdx-correct/-/spdx-correct-3.1.1.tgz"
    "version" "3.1.1"
    dependencies:
      "spdx-expression-parse" "^3.0.0"
      "spdx-license-ids" "^3.0.0"

  "spdx-exceptions@^2.1.0":
    "integrity" "sha512-/tTrYOC7PPI1nUAgx34hUpqXuyJG+DTHJTnIULG4rDygi4xu/tfgmq1e1cIRwRzwZgo4NLySi+ricLkZkw4i5A=="
    "resolved" "https://registry.npmjs.org/spdx-exceptions/-/spdx-exceptions-2.3.0.tgz"
    "version" "2.3.0"

  "spdx-expression-parse@^3.0.0":
    "integrity" "sha512-cbqHunsQWnJNE6KhVSMsMeH5H/L9EpymbzqTQ3uLwNCLZ1Q481oWaofqH7nO6V07xlXwY6PhQdQ2IedWx/ZK4Q=="
    "resolved" "https://registry.npmjs.org/spdx-expression-parse/-/spdx-expression-parse-3.0.1.tgz"
    "version" "3.0.1"
    dependencies:
      "spdx-exceptions" "^2.1.0"
      "spdx-license-ids" "^3.0.0"

  "spdx-license-ids@^3.0.0":
    "integrity" "sha512-rr+VVSXtRhO4OHbXUiAF7xW3Bo9DuuF6C5jH+q/x15j2jniycgKbxU09Hr0WqlSLUs4i4ltHGXqTe7VHclYWyA=="
    "resolved" "https://registry.npmjs.org/spdx-license-ids/-/spdx-license-ids-3.0.12.tgz"
    "version" "3.0.12"

  "strava@2.1.0":
    "integrity" "sha512-UbAnZY1jMHySXeXi9N4Ful1fmmLwTlukmDVj+fRUc4pTynEdDJrIpQlHR568P0RZ5y6B5HnbAyV3Y3Leky9a/g=="
    "resolved" "https://registry.npmjs.org/strava/-/strava-2.1.0.tgz"
    "version" "2.1.0"
    dependencies:
      "form-data" "^4.0.0"
      "node-fetch" "2.6.6"

  "strip-indent@^3.0.0":
    "integrity" "sha512-laJTa3Jb+VQpaC6DseHhF7dXVqHTfJPCRDaEbid/drOhgitgYku/letMUqOXFoWV0zIIUbjpdH2t+tYj4bQMRQ=="
    "resolved" "https://registry.npmjs.org/strip-indent/-/strip-indent-3.0.0.tgz"
    "version" "3.0.0"
    dependencies:
      "min-indent" "^1.0.0"

  "supports-color@^5.3.0":
    "integrity" "sha512-QjVjwdXIt408MIiAqCX4oUKsgU2EqAGzs2Ppkm4aQYbjm+ZEWEcW4SfFNTr4uMNZma0ey4f5lgLrkB0aX0QMow=="
    "resolved" "https://registry.npmjs.org/supports-color/-/supports-color-5.5.0.tgz"
    "version" "5.5.0"
    dependencies:
      "has-flag" "^3.0.0"

  "supports-preserve-symlinks-flag@^1.0.0":
    "integrity" "sha512-ot0WnXS9fgdkgIcePe6RHNk1WA8+muPa6cSjeR3V8K27q9BB1rTE3R1p7Hv0z1ZyAc8s6Vvv8DIyWf681MAt0w=="
    "resolved" "https://registry.npmjs.org/supports-preserve-symlinks-flag/-/supports-preserve-symlinks-flag-1.0.0.tgz"
    "version" "1.0.0"

  "tr46@~0.0.3":
    "integrity" "sha512-N3WMsuqV66lT30CrXNbEjx4GEwlow3v6rr4mCcv6prnfwhS01rkgyFdjPNBYd9br7LpXV1+Emh01fHnq2Gdgrw=="
    "resolved" "https://registry.npmjs.org/tr46/-/tr46-0.0.3.tgz"
    "version" "0.0.3"

  "trim-newlines@^3.0.0":
    "integrity" "sha512-c1PTsA3tYrIsLGkJkzHF+w9F2EyxfXGo4UyJc4pFL++FMjnq0HJS69T3M7d//gKrFKwy429bouPescbjecU+Zw=="
    "resolved" "https://registry.npmjs.org/trim-newlines/-/trim-newlines-3.0.1.tgz"
    "version" "3.0.1"

  "type-fest@^0.13.1":
    "integrity" "sha512-34R7HTnG0XIJcBSn5XhDd7nNFPRcXYRZrBB2O2jdKqYODldSzBAqzsWoZYYvduky73toYS/ESqxPvkDf/F0XMg=="
    "resolved" "https://registry.npmjs.org/type-fest/-/type-fest-0.13.1.tgz"
    "version" "0.13.1"

  "type-fest@^0.6.0":
    "integrity" "sha512-q+MB8nYR1KDLrgr4G5yemftpMC7/QLqVndBmEEdqzmNj5dcFOO4Oo8qlwZE3ULT3+Zim1F8Kq4cBnikNhlCMlg=="
    "resolved" "https://registry.npmjs.org/type-fest/-/type-fest-0.6.0.tgz"
    "version" "0.6.0"

  "type-fest@^0.8.1":
    "integrity" "sha512-4dbzIzqvjtgiM5rw1k5rEHtBANKmdudhGyBEajN01fEyhaAIhsoKNy6y7+IN93IfpFtwY9iqi7kD+xwKhQsNJA=="
    "resolved" "https://registry.npmjs.org/type-fest/-/type-fest-0.8.1.tgz"
    "version" "0.8.1"

  "url@^0.11.0":
    "integrity" "sha512-kbailJa29QrtXnxgq+DdCEGlbTeYM2eJUxsz6vjZavrCYPMIFHMKQmSKYAIuUK2i7hgPm28a8piX5NTUtM/LKQ=="
    "resolved" "https://registry.npmjs.org/url/-/url-0.11.0.tgz"
    "version" "0.11.0"
    dependencies:
      "punycode" "1.3.2"
      "querystring" "0.2.0"

  "validate-npm-package-license@^3.0.1":
    "integrity" "sha512-DpKm2Ui/xN7/HQKCtpZxoRWBhZ9Z0kqtygG8XCgNQ8ZlDnxuQmWhj566j8fN4Cu3/JmbhsDo7fcAJq4s9h27Ew=="
    "resolved" "https://registry.npmjs.org/validate-npm-package-license/-/validate-npm-package-license-3.0.4.tgz"
    "version" "3.0.4"
    dependencies:
      "spdx-correct" "^3.0.0"
      "spdx-expression-parse" "^3.0.0"

  "webidl-conversions@^3.0.0":
    "integrity" "sha512-2JAn3z8AR6rjK8Sm8orRC0h/bcl/DqL7tRPdGZ4I1CjdF+EaMLmYxBHyXuKL849eucPFhvBoxMsflfOb8kxaeQ=="
    "resolved" "https://registry.npmjs.org/webidl-conversions/-/webidl-conversions-3.0.1.tgz"
    "version" "3.0.1"

  "whatwg-url@^5.0.0":
    "integrity" "sha512-saE57nupxk6v3HY35+jzBwYa0rKSy0XR8JSxZPwgLr7ys0IBzhGviA1/TUGJLmSVqs8pb9AnvICXEuOHLprYTw=="
    "resolved" "https://registry.npmjs.org/whatwg-url/-/whatwg-url-5.0.0.tgz"
    "version" "5.0.0"
    dependencies:
      "tr46" "~0.0.3"
      "webidl-conversions" "^3.0.0"

  "yargs-parser@^18.1.3":
    "integrity" "sha512-o50j0JeToy/4K6OZcaQmW6lyXXKhq7csREXcDwk2omFPJEwUNOVtJKvmDr9EI1fAJZUyZcRF7kxGBWmRXudrCQ=="
    "resolved" "https://registry.npmjs.org/yargs-parser/-/yargs-parser-18.1.3.tgz"
    "version" "18.1.3"
    dependencies:
      "camelcase" "^5.0.0"
      "decamelize" "^1.2.0"
